<?xml version="1.0" encoding="UTF-8"?>
<!-- Generated by org.testng.reporters.JUnitReportReporter -->
<testsuite hostname="INLEN8520075188" failures="0" tests="3" name="com.freelancer.testcases.LoginScreen" time="2.619" errors="0" timestamp="2024-08-25T17:34:14 IST" skipped="0">
  <testcase classname="com.freelancer.testcases.LoginScreen" name="LoginApp" time="1.968"/>
  <testcase classname="com.freelancer.testcases.LoginScreen" name="VerifyNoOfSocialLinks" time="0.079"/>
  <testcase classname="com.freelancer.testcases.LoginScreen" name="selectSignUp" time="0.572"/>
</testsuite> <!-- com.freelancer.testcases.LoginScreen -->
