<?xml version="1.0" encoding="UTF-8"?>
<!-- Generated by org.testng.reporters.JUnitReportReporter -->
<testsuite hostname="INLEN8520075188" failures="0" tests="1" name="com.freelancer.dataprovider.ConfigFileReader" time="0.009" errors="0" timestamp="2024-08-13T16:33:16 IST" skipped="0">
  <testcase classname="com.freelancer.dataprovider.ConfigFileReader" name="Test" time="0.009"/>
</testsuite> <!-- com.freelancer.dataprovider.ConfigFileReader -->
