<?xml version="1.0" encoding="UTF-8"?>
<!-- Generated by org.testng.reporters.JUnitReportReporter -->
<testsuite hostname="INLEN8520075188" failures="0" tests="1" name="com.freelancer.testcases.LoginScreen2" time="9.378" errors="0" timestamp="2024-08-22T13:27:57 IST" skipped="0">
  <testcase classname="com.freelancer.testcases.LoginScreen2" name="LoginApp" time="9.378"/>
</testsuite> <!-- com.freelancer.testcases.LoginScreen2 -->
